<?xml version="1.0" encoding="UTF-8"?>
<coverage generated="1634241712648" clover="3.2.0">
  <project timestamp="1634241712649" name="All files">
    <metrics statements="286" coveredstatements="256" conditionals="156" coveredconditionals="133" methods="43" coveredmethods="35" elements="485" coveredelements="424" complexity="0" loc="286" ncloc="286" packages="2" files="3" classes="3"/>
    <package name="BoardLogic">
      <metrics statements="280" coveredstatements="250" conditionals="154" coveredconditionals="131" methods="41" coveredmethods="33"/>
      <file name="BadukGame.ts" path="/home/hkim/webapps/baduk-bin/server/src/BoardLogic/BadukGame.ts">
        <metrics statements="164" coveredstatements="164" conditionals="92" coveredconditionals="90" methods="19" coveredmethods="19"/>
        <line num="1" count="2" type="stmt"/>
        <line num="2" count="2" type="stmt"/>
        <line num="12" count="2" type="stmt"/>
        <line num="13" count="726" type="stmt"/>
        <line num="14" count="72" type="cond" truecount="2" falsecount="0"/>
        <line num="15" count="65" type="stmt"/>
        <line num="17" count="16" type="stmt"/>
        <line num="18" count="7" type="stmt"/>
        <line num="28" count="2" type="stmt"/>
        <line num="29" count="347" type="stmt"/>
        <line num="30" count="347" type="stmt"/>
        <line num="31" count="3123" type="stmt"/>
        <line num="32" count="347" type="stmt"/>
        <line num="33" count="1372" type="stmt"/>
        <line num="34" count="1372" type="cond" truecount="2" falsecount="0"/>
        <line num="36" count="1202" type="cond" truecount="2" falsecount="0"/>
        <line num="37" count="324" type="stmt"/>
        <line num="39" count="878" type="cond" truecount="2" falsecount="0"/>
        <line num="40" count="539" type="cond" truecount="2" falsecount="0"/>
        <line num="41" count="499" type="stmt"/>
        <line num="42" count="539" type="cond" truecount="2" falsecount="0"/>
        <line num="43" count="515" type="stmt"/>
        <line num="44" count="539" type="cond" truecount="2" falsecount="0"/>
        <line num="45" count="521" type="stmt"/>
        <line num="46" count="539" type="cond" truecount="2" falsecount="0"/>
        <line num="47" count="508" type="stmt"/>
        <line num="49" count="878" type="stmt"/>
        <line num="52" count="23" type="stmt"/>
        <line num="62" count="102" type="cond" truecount="2" falsecount="0"/>
        <line num="63" count="1" type="stmt"/>
        <line num="64" count="101" type="stmt"/>
        <line num="76" count="101" type="stmt"/>
        <line num="77" count="101" type="cond" truecount="2" falsecount="0"/>
        <line num="78" count="97" type="stmt"/>
        <line num="79" count="97" type="stmt"/>
        <line num="82" count="4" type="stmt"/>
        <line num="83" count="4" type="cond" truecount="2" falsecount="0"/>
        <line num="84" count="1" type="stmt"/>
        <line num="85" count="1" type="stmt"/>
        <line num="87" count="3" type="stmt"/>
        <line num="97" count="2" type="stmt"/>
        <line num="98" count="103" type="stmt"/>
        <line num="99" count="103" type="stmt"/>
        <line num="100" count="927" type="stmt"/>
        <line num="101" count="103" type="stmt"/>
        <line num="102" count="103" type="stmt"/>
        <line num="103" count="1100" type="stmt"/>
        <line num="104" count="1100" type="cond" truecount="2" falsecount="0"/>
        <line num="105" count="887" type="cond" truecount="2" falsecount="0"/>
        <line num="106" count="485" type="cond" truecount="2" falsecount="0"/>
        <line num="107" count="260" type="cond" truecount="2" falsecount="0"/>
        <line num="108" count="241" type="stmt"/>
        <line num="109" count="260" type="cond" truecount="2" falsecount="0"/>
        <line num="110" count="249" type="stmt"/>
        <line num="111" count="260" type="cond" truecount="2" falsecount="0"/>
        <line num="112" count="255" type="stmt"/>
        <line num="113" count="260" type="cond" truecount="2" falsecount="0"/>
        <line num="114" count="252" type="stmt"/>
        <line num="117" count="225" type="cond" truecount="2" falsecount="0"/>
        <line num="118" count="12" type="stmt"/>
        <line num="119" count="12" type="stmt"/>
        <line num="120" count="12" type="stmt"/>
        <line num="123" count="485" type="stmt"/>
        <line num="126" count="103" type="stmt"/>
        <line num="135" count="2" type="stmt"/>
        <line num="136" count="21" type="stmt"/>
        <line num="137" count="21" type="stmt"/>
        <line num="138" count="193" type="stmt"/>
        <line num="139" count="21" type="stmt"/>
        <line num="140" count="21" type="stmt"/>
        <line num="141" count="246" type="stmt"/>
        <line num="142" count="246" type="cond" truecount="2" falsecount="0"/>
        <line num="143" count="179" type="cond" truecount="2" falsecount="0"/>
        <line num="144" count="58" type="stmt"/>
        <line num="145" count="58" type="stmt"/>
        <line num="146" count="58" type="cond" truecount="2" falsecount="0"/>
        <line num="147" count="56" type="stmt"/>
        <line num="148" count="58" type="cond" truecount="2" falsecount="0"/>
        <line num="149" count="55" type="stmt"/>
        <line num="150" count="58" type="cond" truecount="1" falsecount="1"/>
        <line num="151" count="58" type="stmt"/>
        <line num="152" count="58" type="cond" truecount="2" falsecount="0"/>
        <line num="153" count="56" type="stmt"/>
        <line num="155" count="179" type="stmt"/>
        <line num="158" count="21" type="stmt"/>
        <line num="162" count="2" type="stmt"/>
        <line num="163" count="18" type="stmt"/>
        <line num="164" count="162" type="stmt"/>
        <line num="165" count="18" type="stmt"/>
        <line num="166" count="18" type="stmt"/>
        <line num="167" count="517" type="stmt"/>
        <line num="168" count="517" type="cond" truecount="2" falsecount="0"/>
        <line num="169" count="247" type="cond" truecount="2" falsecount="0"/>
        <line num="170" count="146" type="stmt"/>
        <line num="171" count="146" type="cond" truecount="2" falsecount="0"/>
        <line num="172" count="127" type="stmt"/>
        <line num="173" count="146" type="cond" truecount="2" falsecount="0"/>
        <line num="174" count="129" type="stmt"/>
        <line num="175" count="146" type="cond" truecount="2" falsecount="0"/>
        <line num="176" count="120" type="stmt"/>
        <line num="177" count="146" type="cond" truecount="2" falsecount="0"/>
        <line num="178" count="123" type="stmt"/>
        <line num="180" count="247" type="stmt"/>
        <line num="183" count="18" type="stmt"/>
        <line num="191" count="2" type="stmt"/>
        <line num="192" count="27" type="stmt"/>
        <line num="193" count="3" type="stmt"/>
        <line num="194" count="3" type="stmt"/>
        <line num="195" count="3" type="stmt"/>
        <line num="196" count="27" type="stmt"/>
        <line num="197" count="243" type="cond" truecount="4" falsecount="0"/>
        <line num="198" count="17" type="stmt"/>
        <line num="199" count="17" type="stmt"/>
        <line num="200" count="17" type="stmt"/>
        <line num="201" count="17" type="cond" truecount="2" falsecount="0"/>
        <line num="202" count="4" type="stmt"/>
        <line num="204" count="13" type="cond" truecount="2" falsecount="0"/>
        <line num="205" count="7" type="stmt"/>
        <line num="210" count="17" type="stmt"/>
        <line num="214" count="3" type="stmt"/>
        <line num="223" count="2" type="stmt"/>
        <line num="237" count="9" type="stmt"/>
        <line num="238" count="9" type="stmt"/>
        <line num="239" count="9" type="stmt"/>
        <line num="240" count="9" type="stmt"/>
        <line num="241" count="9" type="stmt"/>
        <line num="242" count="9" type="stmt"/>
        <line num="243" count="9" type="stmt"/>
        <line num="244" count="9" type="stmt"/>
        <line num="245" count="9" type="stmt"/>
        <line num="246" count="9" type="stmt"/>
        <line num="255" count="107" type="cond" truecount="2" falsecount="0"/>
        <line num="256" count="106" type="cond" truecount="2" falsecount="0"/>
        <line num="257" count="4" type="cond" truecount="2" falsecount="0"/>
        <line num="260" count="2" type="stmt"/>
        <line num="261" count="2" type="stmt"/>
        <line num="264" count="2" type="stmt"/>
        <line num="268" count="102" type="stmt"/>
        <line num="269" count="102" type="stmt"/>
        <line num="271" count="102" type="cond" truecount="2" falsecount="0"/>
        <line num="272" count="2" type="stmt"/>
        <line num="276" count="100" type="cond" truecount="4" falsecount="0"/>
        <line num="277" count="1" type="stmt"/>
        <line num="279" count="99" type="cond" truecount="2" falsecount="0"/>
        <line num="282" count="99" type="stmt"/>
        <line num="285" count="99" type="stmt"/>
        <line num="288" count="99" type="cond" truecount="2" falsecount="0"/>
        <line num="289" count="51" type="stmt"/>
        <line num="291" count="48" type="stmt"/>
        <line num="294" count="101" type="cond" truecount="2" falsecount="0"/>
        <line num="295" count="101" type="stmt"/>
        <line num="299" count="2" type="stmt"/>
        <line num="301" count="2" type="stmt"/>
        <line num="302" count="2" type="stmt"/>
        <line num="303" count="2" type="stmt"/>
        <line num="304" count="2" type="stmt"/>
        <line num="308" count="3" type="cond" truecount="2" falsecount="0"/>
        <line num="309" count="2" type="stmt"/>
        <line num="310" count="2" type="stmt"/>
        <line num="311" count="2" type="stmt"/>
        <line num="313" count="1" type="cond" truecount="1" falsecount="1"/>
        <line num="314" count="1" type="stmt"/>
        <line num="315" count="1" type="stmt"/>
        <line num="316" count="1" type="stmt"/>
      </file>
      <file name="helper.ts" path="/home/hkim/webapps/baduk-bin/server/src/BoardLogic/helper.ts">
        <metrics statements="116" coveredstatements="86" conditionals="62" coveredconditionals="41" methods="22" coveredmethods="14"/>
        <line num="1" count="2" type="stmt"/>
        <line num="2" count="2" type="stmt"/>
        <line num="10" count="2" type="stmt"/>
        <line num="11" count="99" type="stmt"/>
        <line num="12" count="478" type="stmt"/>
        <line num="13" count="3980" type="cond" truecount="2" falsecount="0"/>
        <line num="16" count="12" type="stmt"/>
        <line num="23" count="2" type="stmt"/>
        <line num="24" count="6" type="stmt"/>
        <line num="25" count="82" type="stmt"/>
        <line num="26" count="1222" type="cond" truecount="1" falsecount="1"/>
        <line num="29" count="6" type="stmt"/>
        <line num="39" count="2" type="stmt"/>
        <line num="40" count="3" type="stmt"/>
        <line num="41" count="9" type="stmt"/>
        <line num="43" count="3" type="stmt"/>
        <line num="52" count="2" type="stmt"/>
        <line num="53" count="0" type="stmt"/>
        <line num="54" count="0" type="stmt"/>
        <line num="55" count="0" type="stmt"/>
        <line num="56" count="0" type="stmt"/>
        <line num="57" count="0" type="stmt"/>
        <line num="58" count="0" type="stmt"/>
        <line num="59" count="0" type="stmt"/>
        <line num="60" count="0" type="cond" truecount="0" falsecount="2"/>
        <line num="61" count="0" type="stmt"/>
        <line num="62" count="0" type="cond" truecount="0" falsecount="2"/>
        <line num="63" count="0" type="cond" truecount="0" falsecount="2"/>
        <line num="64" count="0" type="stmt"/>
        <line num="65" count="0" type="cond" truecount="0" falsecount="2"/>
        <line num="66" count="0" type="stmt"/>
        <line num="67" count="0" type="cond" truecount="0" falsecount="2"/>
        <line num="68" count="0" type="stmt"/>
        <line num="69" count="0" type="cond" truecount="0" falsecount="2"/>
        <line num="70" count="0" type="stmt"/>
        <line num="72" count="0" type="stmt"/>
        <line num="75" count="0" type="stmt"/>
        <line num="82" count="2" type="stmt"/>
        <line num="83" count="2" type="stmt"/>
        <line num="84" count="2" type="stmt"/>
        <line num="85" count="2" type="stmt"/>
        <line num="86" count="18" type="stmt"/>
        <line num="87" count="162" type="cond" truecount="2" falsecount="0"/>
        <line num="88" count="13" type="stmt"/>
        <line num="90" count="149" type="cond" truecount="2" falsecount="0"/>
        <line num="91" count="7" type="stmt"/>
        <line num="95" count="2" type="stmt"/>
        <line num="98" count="2" type="stmt"/>
        <line num="99" count="0" type="stmt"/>
        <line num="100" count="0" type="stmt"/>
        <line num="101" count="0" type="cond" truecount="0" falsecount="4"/>
        <line num="102" count="0" type="stmt"/>
        <line num="104" count="0" type="stmt"/>
        <line num="107" count="2" type="stmt"/>
        <line num="108" count="0" type="stmt"/>
        <line num="109" count="0" type="stmt"/>
        <line num="110" count="0" type="cond" truecount="0" falsecount="4"/>
        <line num="111" count="0" type="stmt"/>
        <line num="113" count="0" type="stmt"/>
        <line num="116" count="2" type="stmt"/>
        <line num="117" count="48" type="stmt"/>
        <line num="118" count="48" type="stmt"/>
        <line num="119" count="440" type="stmt"/>
        <line num="120" count="4064" type="cond" truecount="2" falsecount="0"/>
        <line num="121" count="3744" type="cond" truecount="2" falsecount="0"/>
        <line num="124" count="48" type="stmt"/>
        <line num="134" count="2" type="stmt"/>
        <line num="135" count="20" type="stmt"/>
        <line num="136" count="180" type="stmt"/>
        <line num="137" count="20" type="stmt"/>
        <line num="138" count="20" type="stmt"/>
        <line num="139" count="597" type="stmt"/>
        <line num="140" count="597" type="cond" truecount="2" falsecount="0"/>
        <line num="141" count="289" type="cond" truecount="2" falsecount="0"/>
        <line num="142" count="120" type="cond" truecount="2" falsecount="0"/>
        <line num="143" count="100" type="cond" truecount="2" falsecount="0"/>
        <line num="146" count="169" type="cond" truecount="2" falsecount="0"/>
        <line num="147" count="150" type="stmt"/>
        <line num="148" count="169" type="cond" truecount="2" falsecount="0"/>
        <line num="149" count="150" type="stmt"/>
        <line num="150" count="169" type="cond" truecount="2" falsecount="0"/>
        <line num="151" count="140" type="stmt"/>
        <line num="152" count="169" type="cond" truecount="2" falsecount="0"/>
        <line num="153" count="146" type="stmt"/>
        <line num="156" count="283" type="stmt"/>
        <line num="159" count="14" type="stmt"/>
        <line num="162" count="2" type="stmt"/>
        <line num="163" count="17" type="stmt"/>
        <line num="164" count="153" type="stmt"/>
        <line num="165" count="17" type="stmt"/>
        <line num="166" count="17" type="stmt"/>
        <line num="167" count="512" type="stmt"/>
        <line num="168" count="512" type="cond" truecount="2" falsecount="0"/>
        <line num="169" count="242" type="cond" truecount="2" falsecount="0"/>
        <line num="170" count="145" type="stmt"/>
        <line num="171" count="145" type="cond" truecount="2" falsecount="0"/>
        <line num="172" count="126" type="stmt"/>
        <line num="173" count="145" type="cond" truecount="2" falsecount="0"/>
        <line num="174" count="128" type="stmt"/>
        <line num="175" count="145" type="cond" truecount="2" falsecount="0"/>
        <line num="176" count="119" type="stmt"/>
        <line num="177" count="145" type="cond" truecount="2" falsecount="0"/>
        <line num="178" count="122" type="stmt"/>
        <line num="180" count="242" type="stmt"/>
        <line num="183" count="17" type="stmt"/>
        <line num="186" count="2" type="stmt"/>
        <line num="187" count="109" type="stmt"/>
        <line num="188" count="109" type="cond" truecount="2" falsecount="0"/>
        <line num="189" count="109" type="stmt"/>
        <line num="190" count="109" type="stmt"/>
        <line num="193" count="2" type="stmt"/>
        <line num="194" count="192" type="stmt"/>
        <line num="195" count="192" type="stmt"/>
        <line num="196" count="15552" type="stmt"/>
        <line num="197" count="1728" type="stmt"/>
        <line num="199" count="192" type="stmt"/>
      </file>
    </package>
    <package name="shared">
      <metrics statements="6" coveredstatements="6" conditionals="2" coveredconditionals="2" methods="2" coveredmethods="2"/>
      <file name="types.ts" path="/home/hkim/webapps/baduk-bin/server/src/shared/types.ts">
        <metrics statements="6" coveredstatements="6" conditionals="2" coveredconditionals="2" methods="2" coveredmethods="2"/>
        <line num="1" count="2" type="cond" truecount="2" falsecount="0"/>
        <line num="2" count="2" type="stmt"/>
        <line num="3" count="2" type="stmt"/>
        <line num="8" count="2" type="stmt"/>
        <line num="12" count="5061" type="stmt"/>
        <line num="13" count="5061" type="stmt"/>
      </file>
    </package>
  </project>
</coverage>
