{"/home/hkim/webapps/baduk-bin/server/src/BoardLogic/BadukGame.ts": {"path":"/home/hkim/webapps/baduk-bin/server/src/BoardLogic/BadukGame.ts","statementMap":{"0":{"start":{"line":1,"column":0},"end":{"line":1,"column":53}},"1":{"start":{"line":2,"column":0},"end":{"line":2,"column":101}},"2":{"start":{"line":13,"column":14},"end":{"line":13,"column":124}},"3":{"start":{"line":13,"column":74},"end":{"line":13,"column":122}},"4":{"start":{"line":14,"column":2},"end":{"line":16,"column":null}},"5":{"start":{"line":15,"column":4},"end":{"line":15,"column":32}},"6":{"start":{"line":17,"column":2},"end":{"line":17,"column":80}},"7":{"start":{"line":17,"column":39},"end":{"line":17,"column":77}},"8":{"start":{"line":18,"column":2},"end":{"line":18,"column":30}},"9":{"start":{"line":12,"column":0},"end":{"line":12,"column":16}},"10":{"start":{"line":29,"column":16},"end":{"line":29,"column":21}},"11":{"start":{"line":30,"column":20},"end":{"line":30,"column":39}},"12":{"start":{"line":31,"column":17},"end":{"line":31,"column":130}},"13":{"start":{"line":31,"column":76},"end":{"line":31,"column":128}},"14":{"start":{"line":32,"column":2},"end":{"line":51,"column":null}},"15":{"start":{"line":33,"column":15},"end":{"line":33,"column":28}},"16":{"start":{"line":34,"column":4},"end":{"line":50,"column":null}},"17":{"start":{"line":36,"column":6},"end":{"line":48,"column":null}},"18":{"start":{"line":37,"column":8},"end":{"line":37,"column":20}},"19":{"start":{"line":39,"column":11},"end":{"line":48,"column":null}},"20":{"start":{"line":40,"column":8},"end":{"line":41,"column":54}},"21":{"start":{"line":41,"column":10},"end":{"line":41,"column":54}},"22":{"start":{"line":42,"column":8},"end":{"line":43,"column":54}},"23":{"start":{"line":43,"column":10},"end":{"line":43,"column":54}},"24":{"start":{"line":44,"column":8},"end":{"line":45,"column":54}},"25":{"start":{"line":45,"column":10},"end":{"line":45,"column":54}},"26":{"start":{"line":46,"column":8},"end":{"line":47,"column":54}},"27":{"start":{"line":47,"column":10},"end":{"line":47,"column":54}},"28":{"start":{"line":49,"column":6},"end":{"line":49,"column":38}},"29":{"start":{"line":52,"column":2},"end":{"line":52,"column":15}},"30":{"start":{"line":28,"column":0},"end":{"line":28,"column":16}},"31":{"start":{"line":62,"column":2},"end":{"line":63,"column":60}},"32":{"start":{"line":63,"column":4},"end":{"line":63,"column":60}},"33":{"start":{"line":64,"column":2},"end":{"line":64,"column":54}},"34":{"start":{"line":76,"column":2},"end":{"line":76,"column":36}},"35":{"start":{"line":77,"column":2},"end":{"line":88,"column":null}},"36":{"start":{"line":78,"column":27},"end":{"line":78,"column":60}},"37":{"start":{"line":79,"column":4},"end":{"line":79,"column":40}},"38":{"start":{"line":82,"column":27},"end":{"line":82,"column":60}},"39":{"start":{"line":83,"column":4},"end":{"line":86,"column":null}},"40":{"start":{"line":84,"column":6},"end":{"line":84,"column":33}},"41":{"start":{"line":85,"column":6},"end":{"line":85,"column":53}},"42":{"start":{"line":87,"column":4},"end":{"line":87,"column":40}},"43":{"start":{"line":98,"column":16},"end":{"line":98,"column":21}},"44":{"start":{"line":99,"column":20},"end":{"line":99,"column":39}},"45":{"start":{"line":100,"column":17},"end":{"line":100,"column":130}},"46":{"start":{"line":100,"column":76},"end":{"line":100,"column":128}},"47":{"start":{"line":101,"column":15},"end":{"line":101,"column":16}},"48":{"start":{"line":102,"column":2},"end":{"line":125,"column":null}},"49":{"start":{"line":103,"column":15},"end":{"line":103,"column":28}},"50":{"start":{"line":104,"column":4},"end":{"line":124,"column":null}},"51":{"start":{"line":105,"column":6},"end":{"line":122,"column":null}},"52":{"start":{"line":105,"column":40},"end":{"line":105,"column":49}},"53":{"start":{"line":106,"column":11},"end":{"line":122,"column":null}},"54":{"start":{"line":107,"column":8},"end":{"line":108,"column":54}},"55":{"start":{"line":108,"column":10},"end":{"line":108,"column":54}},"56":{"start":{"line":109,"column":8},"end":{"line":110,"column":54}},"57":{"start":{"line":110,"column":10},"end":{"line":110,"column":54}},"58":{"start":{"line":111,"column":8},"end":{"line":112,"column":54}},"59":{"start":{"line":112,"column":10},"end":{"line":112,"column":54}},"60":{"start":{"line":113,"column":8},"end":{"line":114,"column":54}},"61":{"start":{"line":114,"column":10},"end":{"line":114,"column":54}},"62":{"start":{"line":117,"column":8},"end":{"line":121,"column":null}},"63":{"start":{"line":118,"column":34},"end":{"line":118,"column":56}},"64":{"start":{"line":119,"column":10},"end":{"line":119,"column":25}},"65":{"start":{"line":120,"column":10},"end":{"line":120,"column":28}},"66":{"start":{"line":123,"column":6},"end":{"line":123,"column":38}},"67":{"start":{"line":126,"column":2},"end":{"line":126,"column":25}},"68":{"start":{"line":97,"column":0},"end":{"line":97,"column":16}},"69":{"start":{"line":136,"column":16},"end":{"line":136,"column":21}},"70":{"start":{"line":137,"column":20},"end":{"line":137,"column":39}},"71":{"start":{"line":138,"column":16},"end":{"line":138,"column":129}},"72":{"start":{"line":138,"column":75},"end":{"line":138,"column":127}},"73":{"start":{"line":139,"column":15},"end":{"line":139,"column":16}},"74":{"start":{"line":140,"column":2},"end":{"line":157,"column":null}},"75":{"start":{"line":141,"column":15},"end":{"line":141,"column":28}},"76":{"start":{"line":142,"column":4},"end":{"line":156,"column":null}},"77":{"start":{"line":143,"column":6},"end":{"line":154,"column":null}},"78":{"start":{"line":144,"column":8},"end":{"line":144,"column":37}},"79":{"start":{"line":145,"column":8},"end":{"line":145,"column":20}},"80":{"start":{"line":146,"column":8},"end":{"line":147,"column":54}},"81":{"start":{"line":147,"column":10},"end":{"line":147,"column":54}},"82":{"start":{"line":148,"column":8},"end":{"line":149,"column":54}},"83":{"start":{"line":149,"column":10},"end":{"line":149,"column":54}},"84":{"start":{"line":150,"column":8},"end":{"line":151,"column":54}},"85":{"start":{"line":151,"column":10},"end":{"line":151,"column":54}},"86":{"start":{"line":152,"column":8},"end":{"line":153,"column":54}},"87":{"start":{"line":153,"column":10},"end":{"line":153,"column":54}},"88":{"start":{"line":155,"column":6},"end":{"line":155,"column":37}},"89":{"start":{"line":158,"column":2},"end":{"line":158,"column":25}},"90":{"start":{"line":135,"column":0},"end":{"line":135,"column":16}},"91":{"start":{"line":163,"column":16},"end":{"line":163,"column":21}},"92":{"start":{"line":164,"column":16},"end":{"line":164,"column":129}},"93":{"start":{"line":164,"column":75},"end":{"line":164,"column":127}},"94":{"start":{"line":165,"column":11},"end":{"line":165,"column":12}},"95":{"start":{"line":166,"column":2},"end":{"line":182,"column":null}},"96":{"start":{"line":167,"column":15},"end":{"line":167,"column":28}},"97":{"start":{"line":168,"column":4},"end":{"line":181,"column":null}},"98":{"start":{"line":169,"column":6},"end":{"line":179,"column":null}},"99":{"start":{"line":170,"column":8},"end":{"line":170,"column":16}},"100":{"start":{"line":171,"column":8},"end":{"line":172,"column":54}},"101":{"start":{"line":172,"column":10},"end":{"line":172,"column":54}},"102":{"start":{"line":173,"column":8},"end":{"line":174,"column":54}},"103":{"start":{"line":174,"column":10},"end":{"line":174,"column":54}},"104":{"start":{"line":175,"column":8},"end":{"line":176,"column":54}},"105":{"start":{"line":176,"column":10},"end":{"line":176,"column":54}},"106":{"start":{"line":177,"column":8},"end":{"line":178,"column":54}},"107":{"start":{"line":178,"column":10},"end":{"line":178,"column":54}},"108":{"start":{"line":180,"column":6},"end":{"line":180,"column":37}},"109":{"start":{"line":183,"column":2},"end":{"line":183,"column":12}},"110":{"start":{"line":162,"column":0},"end":{"line":162,"column":16}},"111":{"start":{"line":192,"column":16},"end":{"line":192,"column":129}},"112":{"start":{"line":192,"column":75},"end":{"line":192,"column":127}},"113":{"start":{"line":193,"column":24},"end":{"line":193,"column":25}},"114":{"start":{"line":194,"column":24},"end":{"line":194,"column":25}},"115":{"start":{"line":195,"column":2},"end":{"line":213,"column":null}},"116":{"start":{"line":195,"column":15},"end":{"line":195,"column":16}},"117":{"start":{"line":196,"column":4},"end":{"line":212,"column":null}},"118":{"start":{"line":196,"column":17},"end":{"line":196,"column":18}},"119":{"start":{"line":197,"column":6},"end":{"line":211,"column":null}},"120":{"start":{"line":198,"column":18},"end":{"line":198,"column":33}},"121":{"start":{"line":199,"column":20},"end":{"line":199,"column":50}},"122":{"start":{"line":200,"column":17},"end":{"line":200,"column":42}},"123":{"start":{"line":201,"column":8},"end":{"line":206,"column":null}},"124":{"start":{"line":202,"column":10},"end":{"line":202,"column":32}},"125":{"start":{"line":204,"column":13},"end":{"line":206,"column":null}},"126":{"start":{"line":205,"column":10},"end":{"line":205,"column":32}},"127":{"start":{"line":210,"column":8},"end":{"line":210,"column":40}},"128":{"start":{"line":214,"column":2},"end":{"line":214,"column":44}},"129":{"start":{"line":191,"column":0},"end":{"line":191,"column":16}},"130":{"start":{"line":237,"column":31},"end":{"line":237,"column":57}},"131":{"start":{"line":238,"column":4},"end":{"line":238,"column":23}},"132":{"start":{"line":239,"column":4},"end":{"line":239,"column":27}},"133":{"start":{"line":240,"column":4},"end":{"line":240,"column":35}},"134":{"start":{"line":241,"column":4},"end":{"line":241,"column":28}},"135":{"start":{"line":242,"column":4},"end":{"line":242,"column":21}},"136":{"start":{"line":243,"column":4},"end":{"line":243,"column":28}},"137":{"start":{"line":244,"column":4},"end":{"line":244,"column":28}},"138":{"start":{"line":245,"column":4},"end":{"line":245,"column":25}},"139":{"start":{"line":246,"column":4},"end":{"line":246,"column":25}},"140":{"start":{"line":255,"column":4},"end":{"line":292,"column":null}},"141":{"start":{"line":255,"column":41},"end":{"line":255,"column":87}},"142":{"start":{"line":256,"column":9},"end":{"line":292,"column":null}},"143":{"start":{"line":257,"column":6},"end":{"line":265,"column":null}},"144":{"start":{"line":260,"column":8},"end":{"line":260,"column":28}},"145":{"start":{"line":261,"column":8},"end":{"line":261,"column":43}},"146":{"start":{"line":264,"column":8},"end":{"line":264,"column":31}},"147":{"start":{"line":268,"column":6},"end":{"line":268,"column":30}},"148":{"start":{"line":269,"column":43},"end":{"line":269,"column":92}},"149":{"start":{"line":271,"column":6},"end":{"line":273,"column":null}},"150":{"start":{"line":272,"column":8},"end":{"line":272,"column":45}},"151":{"start":{"line":276,"column":6},"end":{"line":278,"column":null}},"152":{"start":{"line":277,"column":8},"end":{"line":277,"column":43}},"153":{"start":{"line":279,"column":6},"end":{"line":279,"column":84}},"154":{"start":{"line":282,"column":6},"end":{"line":282,"column":47}},"155":{"start":{"line":285,"column":6},"end":{"line":285,"column":26}},"156":{"start":{"line":288,"column":6},"end":{"line":291,"column":40}},"157":{"start":{"line":289,"column":8},"end":{"line":289,"column":40}},"158":{"start":{"line":291,"column":8},"end":{"line":291,"column":40}},"159":{"start":{"line":294,"column":4},"end":{"line":294,"column":83}},"160":{"start":{"line":295,"column":4},"end":{"line":295,"column":32}},"161":{"start":{"line":299,"column":4},"end":{"line":299,"column":82}},"162":{"start":{"line":301,"column":22},"end":{"line":301,"column":64}},"163":{"start":{"line":302,"column":22},"end":{"line":302,"column":64}},"164":{"start":{"line":303,"column":4},"end":{"line":303,"column":29}},"165":{"start":{"line":304,"column":4},"end":{"line":304,"column":51}},"166":{"start":{"line":308,"column":4},"end":{"line":317,"column":null}},"167":{"start":{"line":309,"column":29},"end":{"line":309,"column":55}},"168":{"start":{"line":310,"column":6},"end":{"line":310,"column":36}},"169":{"start":{"line":311,"column":6},"end":{"line":311,"column":26}},"170":{"start":{"line":313,"column":9},"end":{"line":317,"column":null}},"171":{"start":{"line":314,"column":29},"end":{"line":314,"column":55}},"172":{"start":{"line":315,"column":6},"end":{"line":315,"column":36}},"173":{"start":{"line":316,"column":6},"end":{"line":316,"column":26}},"174":{"start":{"line":223,"column":0},"end":{"line":223,"column":21}}},"fnMap":{"0":{"name":"setupBoard","decl":{"start":{"line":12,"column":16},"end":{"line":12,"column":26}},"loc":{"start":{"line":12,"column":63},"end":{"line":19,"column":1}}},"1":{"name":"(anonymous_1)","decl":{"start":{"line":13,"column":66},"end":{"line":13,"column":69}},"loc":{"start":{"line":13,"column":71},"end":{"line":13,"column":123}}},"2":{"name":"(anonymous_2)","decl":{"start":{"line":17,"column":19},"end":{"line":17,"column":20}},"loc":{"start":{"line":17,"column":36},"end":{"line":17,"column":78}}},"3":{"name":"hasLiberties","decl":{"start":{"line":28,"column":16},"end":{"line":28,"column":28}},"loc":{"start":{"line":28,"column":53},"end":{"line":53,"column":1}}},"4":{"name":"(anonymous_4)","decl":{"start":{"line":31,"column":68},"end":{"line":31,"column":71}},"loc":{"start":{"line":31,"column":73},"end":{"line":31,"column":129}}},"5":{"name":"playBoardMove","decl":{"start":{"line":61,"column":9},"end":{"line":61,"column":22}},"loc":{"start":{"line":61,"column":68},"end":{"line":65,"column":1}}},"6":{"name":"commitPlaceAndKill","decl":{"start":{"line":75,"column":9},"end":{"line":75,"column":27}},"loc":{"start":{"line":75,"column":72},"end":{"line":89,"column":1}}},"7":{"name":"killSurroundingGroups","decl":{"start":{"line":97,"column":16},"end":{"line":97,"column":37}},"loc":{"start":{"line":97,"column":62},"end":{"line":127,"column":1}}},"8":{"name":"(anonymous_8)","decl":{"start":{"line":100,"column":68},"end":{"line":100,"column":71}},"loc":{"start":{"line":100,"column":73},"end":{"line":100,"column":129}}},"9":{"name":"killGroup","decl":{"start":{"line":135,"column":16},"end":{"line":135,"column":25}},"loc":{"start":{"line":135,"column":50},"end":{"line":159,"column":1}}},"10":{"name":"(anonymous_10)","decl":{"start":{"line":138,"column":67},"end":{"line":138,"column":70}},"loc":{"start":{"line":138,"column":72},"end":{"line":138,"column":128}}},"11":{"name":"findSpaceSize","decl":{"start":{"line":162,"column":16},"end":{"line":162,"column":29}},"loc":{"start":{"line":162,"column":54},"end":{"line":184,"column":1}}},"12":{"name":"(anonymous_12)","decl":{"start":{"line":164,"column":67},"end":{"line":164,"column":70}},"loc":{"start":{"line":164,"column":72},"end":{"line":164,"column":128}}},"13":{"name":"calculateTerritory","decl":{"start":{"line":191,"column":16},"end":{"line":191,"column":34}},"loc":{"start":{"line":191,"column":47},"end":{"line":215,"column":1}}},"14":{"name":"(anonymous_14)","decl":{"start":{"line":192,"column":67},"end":{"line":192,"column":70}},"loc":{"start":{"line":192,"column":72},"end":{"line":192,"column":128}}},"15":{"name":"(anonymous_15)","decl":{"start":{"line":236,"column":2},"end":{"line":236,"column":14}},"loc":{"start":{"line":236,"column":64},"end":{"line":247,"column":3}}},"16":{"name":"(anonymous_16)","decl":{"start":{"line":254,"column":2},"end":{"line":254,"column":10}},"loc":{"start":{"line":254,"column":49},"end":{"line":296,"column":3}}},"17":{"name":"(anonymous_17)","decl":{"start":{"line":298,"column":2},"end":{"line":298,"column":20}},"loc":{"start":{"line":298,"column":20},"end":{"line":305,"column":3}}},"18":{"name":"(anonymous_18)","decl":{"start":{"line":307,"column":2},"end":{"line":307,"column":13}},"loc":{"start":{"line":307,"column":24},"end":{"line":318,"column":3}}}},"branchMap":{"0":{"loc":{"start":{"line":14,"column":2},"end":{"line":16,"column":null}},"type":"if","locations":[{"start":{"line":14,"column":2},"end":{"line":16,"column":null}},{"start":{"line":14,"column":2},"end":{"line":16,"column":null}}]},"1":{"loc":{"start":{"line":34,"column":4},"end":{"line":50,"column":null}},"type":"if","locations":[{"start":{"line":34,"column":4},"end":{"line":50,"column":null}},{"start":{"line":34,"column":4},"end":{"line":50,"column":null}}]},"2":{"loc":{"start":{"line":36,"column":6},"end":{"line":48,"column":null}},"type":"if","locations":[{"start":{"line":36,"column":6},"end":{"line":48,"column":null}},{"start":{"line":36,"column":6},"end":{"line":48,"column":null}}]},"3":{"loc":{"start":{"line":39,"column":11},"end":{"line":48,"column":null}},"type":"if","locations":[{"start":{"line":39,"column":11},"end":{"line":48,"column":null}},{"start":{"line":39,"column":11},"end":{"line":48,"column":null}}]},"4":{"loc":{"start":{"line":40,"column":8},"end":{"line":41,"column":54}},"type":"if","locations":[{"start":{"line":40,"column":8},"end":{"line":41,"column":54}},{"start":{"line":40,"column":8},"end":{"line":41,"column":54}}]},"5":{"loc":{"start":{"line":42,"column":8},"end":{"line":43,"column":54}},"type":"if","locations":[{"start":{"line":42,"column":8},"end":{"line":43,"column":54}},{"start":{"line":42,"column":8},"end":{"line":43,"column":54}}]},"6":{"loc":{"start":{"line":44,"column":8},"end":{"line":45,"column":54}},"type":"if","locations":[{"start":{"line":44,"column":8},"end":{"line":45,"column":54}},{"start":{"line":44,"column":8},"end":{"line":45,"column":54}}]},"7":{"loc":{"start":{"line":46,"column":8},"end":{"line":47,"column":54}},"type":"if","locations":[{"start":{"line":46,"column":8},"end":{"line":47,"column":54}},{"start":{"line":46,"column":8},"end":{"line":47,"column":54}}]},"8":{"loc":{"start":{"line":62,"column":2},"end":{"line":63,"column":60}},"type":"if","locations":[{"start":{"line":62,"column":2},"end":{"line":63,"column":60}},{"start":{"line":62,"column":2},"end":{"line":63,"column":60}}]},"9":{"loc":{"start":{"line":77,"column":2},"end":{"line":88,"column":null}},"type":"if","locations":[{"start":{"line":77,"column":2},"end":{"line":88,"column":null}},{"start":{"line":77,"column":2},"end":{"line":88,"column":null}}]},"10":{"loc":{"start":{"line":83,"column":4},"end":{"line":86,"column":null}},"type":"if","locations":[{"start":{"line":83,"column":4},"end":{"line":86,"column":null}},{"start":{"line":83,"column":4},"end":{"line":86,"column":null}}]},"11":{"loc":{"start":{"line":104,"column":4},"end":{"line":124,"column":null}},"type":"if","locations":[{"start":{"line":104,"column":4},"end":{"line":124,"column":null}},{"start":{"line":104,"column":4},"end":{"line":124,"column":null}}]},"12":{"loc":{"start":{"line":105,"column":6},"end":{"line":122,"column":null}},"type":"if","locations":[{"start":{"line":105,"column":6},"end":{"line":122,"column":null}},{"start":{"line":105,"column":6},"end":{"line":122,"column":null}}]},"13":{"loc":{"start":{"line":106,"column":11},"end":{"line":122,"column":null}},"type":"if","locations":[{"start":{"line":106,"column":11},"end":{"line":122,"column":null}},{"start":{"line":106,"column":11},"end":{"line":122,"column":null}}]},"14":{"loc":{"start":{"line":107,"column":8},"end":{"line":108,"column":54}},"type":"if","locations":[{"start":{"line":107,"column":8},"end":{"line":108,"column":54}},{"start":{"line":107,"column":8},"end":{"line":108,"column":54}}]},"15":{"loc":{"start":{"line":109,"column":8},"end":{"line":110,"column":54}},"type":"if","locations":[{"start":{"line":109,"column":8},"end":{"line":110,"column":54}},{"start":{"line":109,"column":8},"end":{"line":110,"column":54}}]},"16":{"loc":{"start":{"line":111,"column":8},"end":{"line":112,"column":54}},"type":"if","locations":[{"start":{"line":111,"column":8},"end":{"line":112,"column":54}},{"start":{"line":111,"column":8},"end":{"line":112,"column":54}}]},"17":{"loc":{"start":{"line":113,"column":8},"end":{"line":114,"column":54}},"type":"if","locations":[{"start":{"line":113,"column":8},"end":{"line":114,"column":54}},{"start":{"line":113,"column":8},"end":{"line":114,"column":54}}]},"18":{"loc":{"start":{"line":117,"column":8},"end":{"line":121,"column":null}},"type":"if","locations":[{"start":{"line":117,"column":8},"end":{"line":121,"column":null}},{"start":{"line":117,"column":8},"end":{"line":121,"column":null}}]},"19":{"loc":{"start":{"line":142,"column":4},"end":{"line":156,"column":null}},"type":"if","locations":[{"start":{"line":142,"column":4},"end":{"line":156,"column":null}},{"start":{"line":142,"column":4},"end":{"line":156,"column":null}}]},"20":{"loc":{"start":{"line":143,"column":6},"end":{"line":154,"column":null}},"type":"if","locations":[{"start":{"line":143,"column":6},"end":{"line":154,"column":null}},{"start":{"line":143,"column":6},"end":{"line":154,"column":null}}]},"21":{"loc":{"start":{"line":146,"column":8},"end":{"line":147,"column":54}},"type":"if","locations":[{"start":{"line":146,"column":8},"end":{"line":147,"column":54}},{"start":{"line":146,"column":8},"end":{"line":147,"column":54}}]},"22":{"loc":{"start":{"line":148,"column":8},"end":{"line":149,"column":54}},"type":"if","locations":[{"start":{"line":148,"column":8},"end":{"line":149,"column":54}},{"start":{"line":148,"column":8},"end":{"line":149,"column":54}}]},"23":{"loc":{"start":{"line":150,"column":8},"end":{"line":151,"column":54}},"type":"if","locations":[{"start":{"line":150,"column":8},"end":{"line":151,"column":54}},{"start":{"line":150,"column":8},"end":{"line":151,"column":54}}]},"24":{"loc":{"start":{"line":152,"column":8},"end":{"line":153,"column":54}},"type":"if","locations":[{"start":{"line":152,"column":8},"end":{"line":153,"column":54}},{"start":{"line":152,"column":8},"end":{"line":153,"column":54}}]},"25":{"loc":{"start":{"line":168,"column":4},"end":{"line":181,"column":null}},"type":"if","locations":[{"start":{"line":168,"column":4},"end":{"line":181,"column":null}},{"start":{"line":168,"column":4},"end":{"line":181,"column":null}}]},"26":{"loc":{"start":{"line":169,"column":6},"end":{"line":179,"column":null}},"type":"if","locations":[{"start":{"line":169,"column":6},"end":{"line":179,"column":null}},{"start":{"line":169,"column":6},"end":{"line":179,"column":null}}]},"27":{"loc":{"start":{"line":171,"column":8},"end":{"line":172,"column":54}},"type":"if","locations":[{"start":{"line":171,"column":8},"end":{"line":172,"column":54}},{"start":{"line":171,"column":8},"end":{"line":172,"column":54}}]},"28":{"loc":{"start":{"line":173,"column":8},"end":{"line":174,"column":54}},"type":"if","locations":[{"start":{"line":173,"column":8},"end":{"line":174,"column":54}},{"start":{"line":173,"column":8},"end":{"line":174,"column":54}}]},"29":{"loc":{"start":{"line":175,"column":8},"end":{"line":176,"column":54}},"type":"if","locations":[{"start":{"line":175,"column":8},"end":{"line":176,"column":54}},{"start":{"line":175,"column":8},"end":{"line":176,"column":54}}]},"30":{"loc":{"start":{"line":177,"column":8},"end":{"line":178,"column":54}},"type":"if","locations":[{"start":{"line":177,"column":8},"end":{"line":178,"column":54}},{"start":{"line":177,"column":8},"end":{"line":178,"column":54}}]},"31":{"loc":{"start":{"line":197,"column":6},"end":{"line":211,"column":null}},"type":"if","locations":[{"start":{"line":197,"column":6},"end":{"line":211,"column":null}},{"start":{"line":197,"column":6},"end":{"line":211,"column":null}}]},"32":{"loc":{"start":{"line":197,"column":10},"end":{"line":197,"column":24}},"type":"binary-expr","locations":[{"start":{"line":197,"column":10},"end":{"line":197,"column":24}},{"start":{"line":197,"column":28},"end":{"line":197,"column":48}}]},"33":{"loc":{"start":{"line":201,"column":8},"end":{"line":206,"column":null}},"type":"if","locations":[{"start":{"line":201,"column":8},"end":{"line":206,"column":null}},{"start":{"line":201,"column":8},"end":{"line":206,"column":null}}]},"34":{"loc":{"start":{"line":204,"column":13},"end":{"line":206,"column":null}},"type":"if","locations":[{"start":{"line":204,"column":13},"end":{"line":206,"column":null}},{"start":{"line":204,"column":13},"end":{"line":206,"column":null}}]},"35":{"loc":{"start":{"line":255,"column":4},"end":{"line":292,"column":null}},"type":"if","locations":[{"start":{"line":255,"column":4},"end":{"line":292,"column":null}},{"start":{"line":255,"column":4},"end":{"line":292,"column":null}}]},"36":{"loc":{"start":{"line":256,"column":9},"end":{"line":292,"column":null}},"type":"if","locations":[{"start":{"line":256,"column":9},"end":{"line":292,"column":null}},{"start":{"line":256,"column":9},"end":{"line":292,"column":null}}]},"37":{"loc":{"start":{"line":257,"column":6},"end":{"line":265,"column":null}},"type":"if","locations":[{"start":{"line":257,"column":6},"end":{"line":265,"column":null}},{"start":{"line":257,"column":6},"end":{"line":265,"column":null}}]},"38":{"loc":{"start":{"line":271,"column":6},"end":{"line":273,"column":null}},"type":"if","locations":[{"start":{"line":271,"column":6},"end":{"line":273,"column":null}},{"start":{"line":271,"column":6},"end":{"line":273,"column":null}}]},"39":{"loc":{"start":{"line":276,"column":6},"end":{"line":278,"column":null}},"type":"if","locations":[{"start":{"line":276,"column":6},"end":{"line":278,"column":null}},{"start":{"line":276,"column":6},"end":{"line":278,"column":null}}]},"40":{"loc":{"start":{"line":276,"column":10},"end":{"line":276,"column":32}},"type":"binary-expr","locations":[{"start":{"line":276,"column":10},"end":{"line":276,"column":32}},{"start":{"line":276,"column":36},"end":{"line":276,"column":71}}]},"41":{"loc":{"start":{"line":279,"column":49},"end":{"line":279,"column":53}},"type":"cond-expr","locations":[{"start":{"line":279,"column":49},"end":{"line":279,"column":53}},{"start":{"line":279,"column":56},"end":{"line":279,"column":83}}]},"42":{"loc":{"start":{"line":288,"column":6},"end":{"line":291,"column":40}},"type":"if","locations":[{"start":{"line":288,"column":6},"end":{"line":291,"column":40}},{"start":{"line":288,"column":6},"end":{"line":291,"column":40}}]},"43":{"loc":{"start":{"line":294,"column":57},"end":{"line":294,"column":68}},"type":"cond-expr","locations":[{"start":{"line":294,"column":57},"end":{"line":294,"column":68}},{"start":{"line":294,"column":71},"end":{"line":294,"column":82}}]},"44":{"loc":{"start":{"line":308,"column":4},"end":{"line":317,"column":null}},"type":"if","locations":[{"start":{"line":308,"column":4},"end":{"line":317,"column":null}},{"start":{"line":308,"column":4},"end":{"line":317,"column":null}}]},"45":{"loc":{"start":{"line":313,"column":9},"end":{"line":317,"column":null}},"type":"if","locations":[{"start":{"line":313,"column":9},"end":{"line":317,"column":null}},{"start":{"line":313,"column":9},"end":{"line":317,"column":null}}]}},"s":{"0":2,"1":2,"2":72,"3":726,"4":72,"5":65,"6":7,"7":16,"8":7,"9":2,"10":347,"11":347,"12":347,"13":3123,"14":347,"15":1372,"16":1372,"17":1202,"18":324,"19":878,"20":539,"21":499,"22":539,"23":515,"24":539,"25":521,"26":539,"27":508,"28":878,"29":23,"30":2,"31":102,"32":1,"33":101,"34":101,"35":101,"36":97,"37":97,"38":4,"39":4,"40":1,"41":1,"42":3,"43":103,"44":103,"45":103,"46":927,"47":103,"48":103,"49":1100,"50":1100,"51":887,"52":402,"53":485,"54":260,"55":241,"56":260,"57":249,"58":260,"59":255,"60":260,"61":252,"62":225,"63":12,"64":12,"65":12,"66":485,"67":103,"68":2,"69":21,"70":21,"71":21,"72":193,"73":21,"74":21,"75":246,"76":246,"77":179,"78":58,"79":58,"80":58,"81":56,"82":58,"83":55,"84":58,"85":58,"86":58,"87":56,"88":179,"89":21,"90":2,"91":18,"92":18,"93":162,"94":18,"95":18,"96":517,"97":517,"98":247,"99":146,"100":146,"101":127,"102":146,"103":129,"104":146,"105":120,"106":146,"107":123,"108":247,"109":18,"110":2,"111":3,"112":27,"113":3,"114":3,"115":3,"116":3,"117":27,"118":27,"119":243,"120":17,"121":17,"122":17,"123":17,"124":4,"125":13,"126":7,"127":17,"128":3,"129":2,"130":9,"131":9,"132":9,"133":9,"134":9,"135":9,"136":9,"137":9,"138":9,"139":9,"140":107,"141":1,"142":106,"143":4,"144":2,"145":2,"146":2,"147":102,"148":102,"149":102,"150":2,"151":100,"152":1,"153":99,"154":99,"155":99,"156":99,"157":51,"158":48,"159":101,"160":101,"161":2,"162":2,"163":2,"164":2,"165":2,"166":3,"167":2,"168":2,"169":2,"170":1,"171":1,"172":1,"173":1,"174":2},"f":{"0":72,"1":726,"2":16,"3":347,"4":3123,"5":102,"6":101,"7":103,"8":927,"9":21,"10":193,"11":18,"12":162,"13":3,"14":27,"15":9,"16":107,"17":2,"18":3},"b":{"0":[65,7],"1":[1202,170],"2":[324,878],"3":[539,339],"4":[499,40],"5":[515,24],"6":[521,18],"7":[508,31],"8":[1,101],"9":[97,4],"10":[1,3],"11":[887,213],"12":[402,485],"13":[260,225],"14":[241,19],"15":[249,11],"16":[255,5],"17":[252,8],"18":[12,213],"19":[179,67],"20":[58,121],"21":[56,2],"22":[55,3],"23":[58,0],"24":[56,2],"25":[247,270],"26":[146,101],"27":[127,19],"28":[129,17],"29":[120,26],"30":[123,23],"31":[17,226],"32":[243,115],"33":[4,13],"34":[7,6],"35":[1,106],"36":[4,102],"37":[2,2],"38":[2,100],"39":[1,99],"40":[100,88],"41":[7,92],"42":[51,48],"43":[52,49],"44":[2,1],"45":[1,0]}}
,"/home/hkim/webapps/baduk-bin/server/src/BoardLogic/helper.ts": {"path":"/home/hkim/webapps/baduk-bin/server/src/BoardLogic/helper.ts","statementMap":{"0":{"start":{"line":1,"column":0},"end":{"line":1,"column":53}},"1":{"start":{"line":2,"column":0},"end":{"line":2,"column":41}},"2":{"start":{"line":11,"column":2},"end":{"line":15,"column":null}},"3":{"start":{"line":11,"column":15},"end":{"line":11,"column":16}},"4":{"start":{"line":12,"column":4},"end":{"line":14,"column":null}},"5":{"start":{"line":12,"column":17},"end":{"line":12,"column":18}},"6":{"start":{"line":13,"column":6},"end":{"line":13,"column":54}},"7":{"start":{"line":13,"column":41},"end":{"line":13,"column":54}},"8":{"start":{"line":16,"column":2},"end":{"line":16,"column":14}},"9":{"start":{"line":10,"column":0},"end":{"line":10,"column":16}},"10":{"start":{"line":24,"column":2},"end":{"line":28,"column":null}},"11":{"start":{"line":25,"column":4},"end":{"line":27,"column":null}},"12":{"start":{"line":26,"column":6},"end":{"line":26,"column":38}},"13":{"start":{"line":26,"column":25},"end":{"line":26,"column":38}},"14":{"start":{"line":29,"column":2},"end":{"line":29,"column":14}},"15":{"start":{"line":23,"column":0},"end":{"line":23,"column":16}},"16":{"start":{"line":40,"column":2},"end":{"line":42,"column":5}},"17":{"start":{"line":41,"column":4},"end":{"line":41,"column":40}},"18":{"start":{"line":43,"column":2},"end":{"line":43,"column":15}},"19":{"start":{"line":39,"column":0},"end":{"line":39,"column":16}},"20":{"start":{"line":53,"column":16},"end":{"line":53,"column":21}},"21":{"start":{"line":54,"column":20},"end":{"line":54,"column":39}},"22":{"start":{"line":55,"column":19},"end":{"line":55,"column":128}},"23":{"start":{"line":55,"column":77},"end":{"line":55,"column":126}},"24":{"start":{"line":56,"column":13},"end":{"line":56,"column":25}},"25":{"start":{"line":57,"column":15},"end":{"line":57,"column":125}},"26":{"start":{"line":57,"column":75},"end":{"line":57,"column":123}},"27":{"start":{"line":58,"column":2},"end":{"line":74,"column":null}},"28":{"start":{"line":59,"column":15},"end":{"line":59,"column":28}},"29":{"start":{"line":60,"column":4},"end":{"line":73,"column":null}},"30":{"start":{"line":61,"column":6},"end":{"line":61,"column":43}},"31":{"start":{"line":62,"column":6},"end":{"line":71,"column":null}},"32":{"start":{"line":63,"column":8},"end":{"line":64,"column":54}},"33":{"start":{"line":64,"column":10},"end":{"line":64,"column":54}},"34":{"start":{"line":65,"column":8},"end":{"line":66,"column":54}},"35":{"start":{"line":66,"column":10},"end":{"line":66,"column":54}},"36":{"start":{"line":67,"column":8},"end":{"line":68,"column":54}},"37":{"start":{"line":68,"column":10},"end":{"line":68,"column":54}},"38":{"start":{"line":69,"column":8},"end":{"line":70,"column":54}},"39":{"start":{"line":70,"column":10},"end":{"line":70,"column":54}},"40":{"start":{"line":72,"column":6},"end":{"line":72,"column":39}},"41":{"start":{"line":75,"column":2},"end":{"line":75,"column":16}},"42":{"start":{"line":52,"column":0},"end":{"line":52,"column":16}},"43":{"start":{"line":83,"column":21},"end":{"line":83,"column":23}},"44":{"start":{"line":84,"column":21},"end":{"line":84,"column":23}},"45":{"start":{"line":85,"column":2},"end":{"line":94,"column":null}},"46":{"start":{"line":85,"column":15},"end":{"line":85,"column":16}},"47":{"start":{"line":86,"column":4},"end":{"line":93,"column":null}},"48":{"start":{"line":86,"column":17},"end":{"line":86,"column":18}},"49":{"start":{"line":87,"column":6},"end":{"line":92,"column":null}},"50":{"start":{"line":88,"column":8},"end":{"line":88,"column":43}},"51":{"start":{"line":90,"column":11},"end":{"line":92,"column":null}},"52":{"start":{"line":91,"column":8},"end":{"line":91,"column":43}},"53":{"start":{"line":95,"column":2},"end":{"line":95,"column":38}},"54":{"start":{"line":82,"column":0},"end":{"line":82,"column":16}},"55":{"start":{"line":99,"column":15},"end":{"line":99,"column":17}},"56":{"start":{"line":100,"column":2},"end":{"line":103,"column":null}},"57":{"start":{"line":100,"column":15},"end":{"line":100,"column":31}},"58":{"start":{"line":101,"column":14},"end":{"line":101,"column":95}},"59":{"start":{"line":101,"column":36},"end":{"line":101,"column":94}},"60":{"start":{"line":102,"column":4},"end":{"line":102,"column":21}},"61":{"start":{"line":104,"column":2},"end":{"line":104,"column":16}},"62":{"start":{"line":98,"column":0},"end":{"line":98,"column":16}},"63":{"start":{"line":108,"column":15},"end":{"line":108,"column":17}},"64":{"start":{"line":109,"column":2},"end":{"line":112,"column":null}},"65":{"start":{"line":110,"column":15},"end":{"line":110,"column":86}},"66":{"start":{"line":110,"column":32},"end":{"line":110,"column":85}},"67":{"start":{"line":111,"column":4},"end":{"line":111,"column":22}},"68":{"start":{"line":113,"column":2},"end":{"line":113,"column":16}},"69":{"start":{"line":107,"column":0},"end":{"line":107,"column":16}},"70":{"start":{"line":117,"column":18},"end":{"line":117,"column":46}},"71":{"start":{"line":118,"column":2},"end":{"line":123,"column":null}},"72":{"start":{"line":118,"column":15},"end":{"line":118,"column":16}},"73":{"start":{"line":119,"column":4},"end":{"line":122,"column":null}},"74":{"start":{"line":119,"column":17},"end":{"line":119,"column":18}},"75":{"start":{"line":120,"column":6},"end":{"line":121,"column":62}},"76":{"start":{"line":120,"column":30},"end":{"line":120,"column":57}},"77":{"start":{"line":121,"column":11},"end":{"line":121,"column":62}},"78":{"start":{"line":121,"column":35},"end":{"line":121,"column":62}},"79":{"start":{"line":124,"column":2},"end":{"line":124,"column":16}},"80":{"start":{"line":116,"column":0},"end":{"line":116,"column":16}},"81":{"start":{"line":135,"column":16},"end":{"line":135,"column":21}},"82":{"start":{"line":136,"column":16},"end":{"line":136,"column":129}},"83":{"start":{"line":136,"column":75},"end":{"line":136,"column":127}},"84":{"start":{"line":137,"column":19},"end":{"line":137,"column":23}},"85":{"start":{"line":138,"column":2},"end":{"line":158,"column":null}},"86":{"start":{"line":139,"column":15},"end":{"line":139,"column":28}},"87":{"start":{"line":140,"column":4},"end":{"line":157,"column":null}},"88":{"start":{"line":141,"column":6},"end":{"line":154,"column":null}},"89":{"start":{"line":142,"column":8},"end":{"line":143,"column":66}},"90":{"start":{"line":142,"column":33},"end":{"line":142,"column":68}},"91":{"start":{"line":143,"column":13},"end":{"line":143,"column":66}},"92":{"start":{"line":143,"column":54},"end":{"line":143,"column":66}},"93":{"start":{"line":146,"column":8},"end":{"line":147,"column":54}},"94":{"start":{"line":147,"column":10},"end":{"line":147,"column":54}},"95":{"start":{"line":148,"column":8},"end":{"line":149,"column":54}},"96":{"start":{"line":149,"column":10},"end":{"line":149,"column":54}},"97":{"start":{"line":150,"column":8},"end":{"line":151,"column":54}},"98":{"start":{"line":151,"column":10},"end":{"line":151,"column":54}},"99":{"start":{"line":152,"column":8},"end":{"line":153,"column":54}},"100":{"start":{"line":153,"column":10},"end":{"line":153,"column":54}},"101":{"start":{"line":156,"column":6},"end":{"line":156,"column":37}},"102":{"start":{"line":159,"column":2},"end":{"line":159,"column":20}},"103":{"start":{"line":134,"column":0},"end":{"line":134,"column":16}},"104":{"start":{"line":163,"column":16},"end":{"line":163,"column":21}},"105":{"start":{"line":164,"column":17},"end":{"line":164,"column":130}},"106":{"start":{"line":164,"column":76},"end":{"line":164,"column":128}},"107":{"start":{"line":165,"column":11},"end":{"line":165,"column":12}},"108":{"start":{"line":166,"column":2},"end":{"line":182,"column":null}},"109":{"start":{"line":167,"column":15},"end":{"line":167,"column":28}},"110":{"start":{"line":168,"column":4},"end":{"line":181,"column":null}},"111":{"start":{"line":169,"column":6},"end":{"line":179,"column":null}},"112":{"start":{"line":170,"column":8},"end":{"line":170,"column":39}},"113":{"start":{"line":171,"column":8},"end":{"line":172,"column":54}},"114":{"start":{"line":172,"column":10},"end":{"line":172,"column":54}},"115":{"start":{"line":173,"column":8},"end":{"line":174,"column":54}},"116":{"start":{"line":174,"column":10},"end":{"line":174,"column":54}},"117":{"start":{"line":175,"column":8},"end":{"line":176,"column":54}},"118":{"start":{"line":176,"column":10},"end":{"line":176,"column":54}},"119":{"start":{"line":177,"column":8},"end":{"line":178,"column":54}},"120":{"start":{"line":178,"column":10},"end":{"line":178,"column":54}},"121":{"start":{"line":180,"column":6},"end":{"line":180,"column":38}},"122":{"start":{"line":183,"column":2},"end":{"line":183,"column":17}},"123":{"start":{"line":162,"column":0},"end":{"line":162,"column":16}},"124":{"start":{"line":187,"column":10},"end":{"line":187,"column":32}},"125":{"start":{"line":188,"column":2},"end":{"line":188,"column":18}},"126":{"start":{"line":188,"column":14},"end":{"line":188,"column":18}},"127":{"start":{"line":189,"column":10},"end":{"line":189,"column":32}},"128":{"start":{"line":190,"column":2},"end":{"line":190,"column":25}},"129":{"start":{"line":186,"column":0},"end":{"line":186,"column":16}},"130":{"start":{"line":194,"column":15},"end":{"line":194,"column":17}},"131":{"start":{"line":195,"column":2},"end":{"line":198,"column":null}},"132":{"start":{"line":196,"column":15},"end":{"line":196,"column":32}},"133":{"start":{"line":196,"column":30},"end":{"line":196,"column":31}},"134":{"start":{"line":197,"column":4},"end":{"line":197,"column":22}},"135":{"start":{"line":199,"column":2},"end":{"line":199,"column":16}},"136":{"start":{"line":193,"column":0},"end":{"line":193,"column":16}}},"fnMap":{"0":{"name":"isBoardEqual","decl":{"start":{"line":10,"column":16},"end":{"line":10,"column":28}},"loc":{"start":{"line":10,"column":57},"end":{"line":17,"column":1}}},"1":{"name":"isBoardEmpty","decl":{"start":{"line":23,"column":16},"end":{"line":23,"column":28}},"loc":{"start":{"line":23,"column":41},"end":{"line":30,"column":1}}},"2":{"name":"setColor","decl":{"start":{"line":39,"column":16},"end":{"line":39,"column":24}},"loc":{"start":{"line":39,"column":85},"end":{"line":44,"column":1}}},"3":{"name":"(anonymous_3)","decl":{"start":{"line":40,"column":16},"end":{"line":40,"column":17}},"loc":{"start":{"line":40,"column":25},"end":{"line":42,"column":3}}},"4":{"name":"selectGroup","decl":{"start":{"line":52,"column":16},"end":{"line":52,"column":27}},"loc":{"start":{"line":52,"column":52},"end":{"line":76,"column":1}}},"5":{"name":"(anonymous_5)","decl":{"start":{"line":55,"column":69},"end":{"line":55,"column":72}},"loc":{"start":{"line":55,"column":74},"end":{"line":55,"column":127}}},"6":{"name":"(anonymous_6)","decl":{"start":{"line":57,"column":67},"end":{"line":57,"column":70}},"loc":{"start":{"line":57,"column":72},"end":{"line":57,"column":124}}},"7":{"name":"getCoordFromBoard","decl":{"start":{"line":82,"column":16},"end":{"line":82,"column":33}},"loc":{"start":{"line":82,"column":46},"end":{"line":96,"column":1}}},"8":{"name":"getStringsFromBoard","decl":{"start":{"line":98,"column":16},"end":{"line":98,"column":35}},"loc":{"start":{"line":98,"column":48},"end":{"line":105,"column":1}}},"9":{"name":"(anonymous_9)","decl":{"start":{"line":101,"column":27},"end":{"line":101,"column":28}},"loc":{"start":{"line":101,"column":36},"end":{"line":101,"column":94}}},"10":{"name":"getNumsFromBoard","decl":{"start":{"line":107,"column":16},"end":{"line":107,"column":32}},"loc":{"start":{"line":107,"column":45},"end":{"line":114,"column":1}}},"11":{"name":"(anonymous_11)","decl":{"start":{"line":109,"column":16},"end":{"line":109,"column":17}},"loc":{"start":{"line":109,"column":24},"end":{"line":112,"column":3}}},"12":{"name":"(anonymous_12)","decl":{"start":{"line":110,"column":23},"end":{"line":110,"column":24}},"loc":{"start":{"line":110,"column":32},"end":{"line":110,"column":85}}},"13":{"name":"getBoardFromStrings","decl":{"start":{"line":116,"column":16},"end":{"line":116,"column":35}},"loc":{"start":{"line":116,"column":63},"end":{"line":125,"column":1}}},"14":{"name":"findBorderingColor","decl":{"start":{"line":134,"column":16},"end":{"line":134,"column":34}},"loc":{"start":{"line":134,"column":59},"end":{"line":160,"column":1}}},"15":{"name":"(anonymous_15)","decl":{"start":{"line":136,"column":67},"end":{"line":136,"column":70}},"loc":{"start":{"line":136,"column":72},"end":{"line":136,"column":128}}},"16":{"name":"setVisited","decl":{"start":{"line":162,"column":16},"end":{"line":162,"column":26}},"loc":{"start":{"line":162,"column":83},"end":{"line":184,"column":1}}},"17":{"name":"(anonymous_17)","decl":{"start":{"line":164,"column":68},"end":{"line":164,"column":71}},"loc":{"start":{"line":164,"column":73},"end":{"line":164,"column":129}}},"18":{"name":"alphaToCoord","decl":{"start":{"line":186,"column":16},"end":{"line":186,"column":28}},"loc":{"start":{"line":186,"column":40},"end":{"line":191,"column":1}}},"19":{"name":"cloneBoard","decl":{"start":{"line":193,"column":16},"end":{"line":193,"column":26}},"loc":{"start":{"line":193,"column":39},"end":{"line":200,"column":1}}},"20":{"name":"(anonymous_20)","decl":{"start":{"line":195,"column":16},"end":{"line":195,"column":17}},"loc":{"start":{"line":195,"column":24},"end":{"line":198,"column":3}}},"21":{"name":"(anonymous_21)","decl":{"start":{"line":196,"column":23},"end":{"line":196,"column":24}},"loc":{"start":{"line":196,"column":30},"end":{"line":196,"column":31}}}},"branchMap":{"0":{"loc":{"start":{"line":13,"column":6},"end":{"line":13,"column":54}},"type":"if","locations":[{"start":{"line":13,"column":6},"end":{"line":13,"column":54}},{"start":{"line":13,"column":6},"end":{"line":13,"column":54}}]},"1":{"loc":{"start":{"line":26,"column":6},"end":{"line":26,"column":38}},"type":"if","locations":[{"start":{"line":26,"column":6},"end":{"line":26,"column":38}},{"start":{"line":26,"column":6},"end":{"line":26,"column":38}}]},"2":{"loc":{"start":{"line":60,"column":4},"end":{"line":73,"column":null}},"type":"if","locations":[{"start":{"line":60,"column":4},"end":{"line":73,"column":null}},{"start":{"line":60,"column":4},"end":{"line":73,"column":null}}]},"3":{"loc":{"start":{"line":62,"column":6},"end":{"line":71,"column":null}},"type":"if","locations":[{"start":{"line":62,"column":6},"end":{"line":71,"column":null}},{"start":{"line":62,"column":6},"end":{"line":71,"column":null}}]},"4":{"loc":{"start":{"line":63,"column":8},"end":{"line":64,"column":54}},"type":"if","locations":[{"start":{"line":63,"column":8},"end":{"line":64,"column":54}},{"start":{"line":63,"column":8},"end":{"line":64,"column":54}}]},"5":{"loc":{"start":{"line":65,"column":8},"end":{"line":66,"column":54}},"type":"if","locations":[{"start":{"line":65,"column":8},"end":{"line":66,"column":54}},{"start":{"line":65,"column":8},"end":{"line":66,"column":54}}]},"6":{"loc":{"start":{"line":67,"column":8},"end":{"line":68,"column":54}},"type":"if","locations":[{"start":{"line":67,"column":8},"end":{"line":68,"column":54}},{"start":{"line":67,"column":8},"end":{"line":68,"column":54}}]},"7":{"loc":{"start":{"line":69,"column":8},"end":{"line":70,"column":54}},"type":"if","locations":[{"start":{"line":69,"column":8},"end":{"line":70,"column":54}},{"start":{"line":69,"column":8},"end":{"line":70,"column":54}}]},"8":{"loc":{"start":{"line":87,"column":6},"end":{"line":92,"column":null}},"type":"if","locations":[{"start":{"line":87,"column":6},"end":{"line":92,"column":null}},{"start":{"line":87,"column":6},"end":{"line":92,"column":null}}]},"9":{"loc":{"start":{"line":90,"column":11},"end":{"line":92,"column":null}},"type":"if","locations":[{"start":{"line":90,"column":11},"end":{"line":92,"column":null}},{"start":{"line":90,"column":11},"end":{"line":92,"column":null}}]},"10":{"loc":{"start":{"line":101,"column":53},"end":{"line":101,"column":56}},"type":"cond-expr","locations":[{"start":{"line":101,"column":53},"end":{"line":101,"column":56}},{"start":{"line":101,"column":60},"end":{"line":101,"column":93}}]},"11":{"loc":{"start":{"line":101,"column":84},"end":{"line":101,"column":87}},"type":"cond-expr","locations":[{"start":{"line":101,"column":84},"end":{"line":101,"column":87}},{"start":{"line":101,"column":90},"end":{"line":101,"column":93}}]},"12":{"loc":{"start":{"line":110,"column":49},"end":{"line":110,"column":50}},"type":"cond-expr","locations":[{"start":{"line":110,"column":49},"end":{"line":110,"column":50}},{"start":{"line":110,"column":54},"end":{"line":110,"column":84}}]},"13":{"loc":{"start":{"line":110,"column":78},"end":{"line":110,"column":79}},"type":"cond-expr","locations":[{"start":{"line":110,"column":78},"end":{"line":110,"column":79}},{"start":{"line":110,"column":82},"end":{"line":110,"column":84}}]},"14":{"loc":{"start":{"line":120,"column":6},"end":{"line":121,"column":62}},"type":"if","locations":[{"start":{"line":120,"column":6},"end":{"line":121,"column":62}},{"start":{"line":120,"column":6},"end":{"line":121,"column":62}}]},"15":{"loc":{"start":{"line":121,"column":11},"end":{"line":121,"column":62}},"type":"if","locations":[{"start":{"line":121,"column":11},"end":{"line":121,"column":62}},{"start":{"line":121,"column":11},"end":{"line":121,"column":62}}]},"16":{"loc":{"start":{"line":140,"column":4},"end":{"line":157,"column":null}},"type":"if","locations":[{"start":{"line":140,"column":4},"end":{"line":157,"column":null}},{"start":{"line":140,"column":4},"end":{"line":157,"column":null}}]},"17":{"loc":{"start":{"line":141,"column":6},"end":{"line":154,"column":null}},"type":"if","locations":[{"start":{"line":141,"column":6},"end":{"line":154,"column":null}},{"start":{"line":141,"column":6},"end":{"line":154,"column":null}}]},"18":{"loc":{"start":{"line":142,"column":8},"end":{"line":143,"column":66}},"type":"if","locations":[{"start":{"line":142,"column":8},"end":{"line":143,"column":66}},{"start":{"line":142,"column":8},"end":{"line":143,"column":66}}]},"19":{"loc":{"start":{"line":143,"column":13},"end":{"line":143,"column":66}},"type":"if","locations":[{"start":{"line":143,"column":13},"end":{"line":143,"column":66}},{"start":{"line":143,"column":13},"end":{"line":143,"column":66}}]},"20":{"loc":{"start":{"line":146,"column":8},"end":{"line":147,"column":54}},"type":"if","locations":[{"start":{"line":146,"column":8},"end":{"line":147,"column":54}},{"start":{"line":146,"column":8},"end":{"line":147,"column":54}}]},"21":{"loc":{"start":{"line":148,"column":8},"end":{"line":149,"column":54}},"type":"if","locations":[{"start":{"line":148,"column":8},"end":{"line":149,"column":54}},{"start":{"line":148,"column":8},"end":{"line":149,"column":54}}]},"22":{"loc":{"start":{"line":150,"column":8},"end":{"line":151,"column":54}},"type":"if","locations":[{"start":{"line":150,"column":8},"end":{"line":151,"column":54}},{"start":{"line":150,"column":8},"end":{"line":151,"column":54}}]},"23":{"loc":{"start":{"line":152,"column":8},"end":{"line":153,"column":54}},"type":"if","locations":[{"start":{"line":152,"column":8},"end":{"line":153,"column":54}},{"start":{"line":152,"column":8},"end":{"line":153,"column":54}}]},"24":{"loc":{"start":{"line":168,"column":4},"end":{"line":181,"column":null}},"type":"if","locations":[{"start":{"line":168,"column":4},"end":{"line":181,"column":null}},{"start":{"line":168,"column":4},"end":{"line":181,"column":null}}]},"25":{"loc":{"start":{"line":169,"column":6},"end":{"line":179,"column":null}},"type":"if","locations":[{"start":{"line":169,"column":6},"end":{"line":179,"column":null}},{"start":{"line":169,"column":6},"end":{"line":179,"column":null}}]},"26":{"loc":{"start":{"line":171,"column":8},"end":{"line":172,"column":54}},"type":"if","locations":[{"start":{"line":171,"column":8},"end":{"line":172,"column":54}},{"start":{"line":171,"column":8},"end":{"line":172,"column":54}}]},"27":{"loc":{"start":{"line":173,"column":8},"end":{"line":174,"column":54}},"type":"if","locations":[{"start":{"line":173,"column":8},"end":{"line":174,"column":54}},{"start":{"line":173,"column":8},"end":{"line":174,"column":54}}]},"28":{"loc":{"start":{"line":175,"column":8},"end":{"line":176,"column":54}},"type":"if","locations":[{"start":{"line":175,"column":8},"end":{"line":176,"column":54}},{"start":{"line":175,"column":8},"end":{"line":176,"column":54}}]},"29":{"loc":{"start":{"line":177,"column":8},"end":{"line":178,"column":54}},"type":"if","locations":[{"start":{"line":177,"column":8},"end":{"line":178,"column":54}},{"start":{"line":177,"column":8},"end":{"line":178,"column":54}}]},"30":{"loc":{"start":{"line":188,"column":2},"end":{"line":188,"column":18}},"type":"if","locations":[{"start":{"line":188,"column":2},"end":{"line":188,"column":18}},{"start":{"line":188,"column":2},"end":{"line":188,"column":18}}]}},"s":{"0":2,"1":2,"2":99,"3":99,"4":478,"5":478,"6":3980,"7":87,"8":12,"9":2,"10":6,"11":82,"12":1222,"13":0,"14":6,"15":2,"16":3,"17":9,"18":3,"19":2,"20":0,"21":0,"22":0,"23":0,"24":0,"25":0,"26":0,"27":0,"28":0,"29":0,"30":0,"31":0,"32":0,"33":0,"34":0,"35":0,"36":0,"37":0,"38":0,"39":0,"40":0,"41":0,"42":2,"43":2,"44":2,"45":2,"46":2,"47":18,"48":18,"49":162,"50":13,"51":149,"52":7,"53":2,"54":2,"55":0,"56":0,"57":0,"58":0,"59":0,"60":0,"61":0,"62":2,"63":0,"64":0,"65":0,"66":0,"67":0,"68":0,"69":2,"70":48,"71":48,"72":48,"73":440,"74":440,"75":4064,"76":320,"77":3744,"78":327,"79":48,"80":2,"81":20,"82":20,"83":180,"84":20,"85":20,"86":597,"87":597,"88":289,"89":120,"90":20,"91":100,"92":6,"93":169,"94":150,"95":169,"96":150,"97":169,"98":140,"99":169,"100":146,"101":283,"102":14,"103":2,"104":17,"105":17,"106":153,"107":17,"108":17,"109":512,"110":512,"111":242,"112":145,"113":145,"114":126,"115":145,"116":128,"117":145,"118":119,"119":145,"120":122,"121":242,"122":17,"123":2,"124":109,"125":109,"126":5,"127":109,"128":109,"129":2,"130":192,"131":192,"132":1728,"133":15552,"134":1728,"135":192,"136":2},"f":{"0":99,"1":6,"2":3,"3":9,"4":0,"5":0,"6":0,"7":2,"8":0,"9":0,"10":0,"11":0,"12":0,"13":48,"14":20,"15":180,"16":17,"17":153,"18":109,"19":192,"20":1728,"21":15552},"b":{"0":[87,3893],"1":[0,1222],"2":[0,0],"3":[0,0],"4":[0,0],"5":[0,0],"6":[0,0],"7":[0,0],"8":[13,149],"9":[7,142],"10":[0,0],"11":[0,0],"12":[0,0],"13":[0,0],"14":[320,3744],"15":[327,3417],"16":[289,308],"17":[120,169],"18":[20,100],"19":[6,94],"20":[150,19],"21":[150,19],"22":[140,29],"23":[146,23],"24":[242,270],"25":[145,97],"26":[126,19],"27":[128,17],"28":[119,26],"29":[122,23],"30":[5,104]}}
,"/home/hkim/webapps/baduk-bin/server/src/shared/types.ts": {"path":"/home/hkim/webapps/baduk-bin/server/src/shared/types.ts","statementMap":{"0":{"start":{"line":1,"column":0},"end":{"line":1,"column":null}},"1":{"start":{"line":2,"column":2},"end":{"line":2,"column":null}},"2":{"start":{"line":3,"column":2},"end":{"line":3,"column":null}},"3":{"start":{"line":12,"column":4},"end":{"line":12,"column":15}},"4":{"start":{"line":13,"column":4},"end":{"line":13,"column":15}},"5":{"start":{"line":8,"column":0},"end":{"line":8,"column":13}}},"fnMap":{"0":{"name":"(anonymous_0)","decl":{"start":{"line":1,"column":0},"end":{"line":1,"column":12}},"loc":{"start":{"line":1,"column":17},"end":{"line":4,"column":1}}},"1":{"name":"(anonymous_1)","decl":{"start":{"line":11,"column":2},"end":{"line":11,"column":14}},"loc":{"start":{"line":11,"column":34},"end":{"line":14,"column":3}}}},"branchMap":{"0":{"loc":{"start":{"line":1,"column":12},"end":{"line":1,"column":17}},"type":"binary-expr","locations":[{"start":{"line":1,"column":12},"end":{"line":1,"column":17}},{"start":{"line":1,"column":12},"end":{"line":1,"column":null}}]}},"s":{"0":2,"1":2,"2":2,"3":5061,"4":5061,"5":2},"f":{"0":2,"1":5061},"b":{"0":[2,2]}}
}
