TN:
SF:src/BoardLogic/BadukGame.ts
FN:12,setupBoard
FN:13,(anonymous_1)
FN:17,(anonymous_2)
FN:28,hasLiberties
FN:31,(anonymous_4)
FN:61,playBoardMove
FN:75,commitPlaceAndKill
FN:97,killSurroundingGroups
FN:100,(anonymous_8)
FN:135,killGroup
FN:138,(anonymous_10)
FN:162,findSpaceSize
FN:164,(anonymous_12)
FN:191,calculateTerritory
FN:192,(anonymous_14)
FN:236,(anonymous_15)
FN:254,(anonymous_16)
FN:298,(anonymous_17)
FN:307,(anonymous_18)
FNF:19
FNH:19
FNDA:72,setupBoard
FNDA:726,(anonymous_1)
FNDA:16,(anonymous_2)
FNDA:347,hasLiberties
FNDA:3123,(anonymous_4)
FNDA:102,playBoardMove
FNDA:101,commitPlaceAndKill
FNDA:103,killSurroundingGroups
FNDA:927,(anonymous_8)
FNDA:21,killGroup
FNDA:193,(anonymous_10)
FNDA:18,findSpaceSize
FNDA:162,(anonymous_12)
FNDA:3,calculateTerritory
FNDA:27,(anonymous_14)
FNDA:9,(anonymous_15)
FNDA:107,(anonymous_16)
FNDA:2,(anonymous_17)
FNDA:3,(anonymous_18)
DA:1,2
DA:2,2
DA:12,2
DA:13,726
DA:14,72
DA:15,65
DA:17,16
DA:18,7
DA:28,2
DA:29,347
DA:30,347
DA:31,3123
DA:32,347
DA:33,1372
DA:34,1372
DA:36,1202
DA:37,324
DA:39,878
DA:40,539
DA:41,499
DA:42,539
DA:43,515
DA:44,539
DA:45,521
DA:46,539
DA:47,508
DA:49,878
DA:52,23
DA:62,102
DA:63,1
DA:64,101
DA:76,101
DA:77,101
DA:78,97
DA:79,97
DA:82,4
DA:83,4
DA:84,1
DA:85,1
DA:87,3
DA:97,2
DA:98,103
DA:99,103
DA:100,927
DA:101,103
DA:102,103
DA:103,1100
DA:104,1100
DA:105,887
DA:106,485
DA:107,260
DA:108,241
DA:109,260
DA:110,249
DA:111,260
DA:112,255
DA:113,260
DA:114,252
DA:117,225
DA:118,12
DA:119,12
DA:120,12
DA:123,485
DA:126,103
DA:135,2
DA:136,21
DA:137,21
DA:138,193
DA:139,21
DA:140,21
DA:141,246
DA:142,246
DA:143,179
DA:144,58
DA:145,58
DA:146,58
DA:147,56
DA:148,58
DA:149,55
DA:150,58
DA:151,58
DA:152,58
DA:153,56
DA:155,179
DA:158,21
DA:162,2
DA:163,18
DA:164,162
DA:165,18
DA:166,18
DA:167,517
DA:168,517
DA:169,247
DA:170,146
DA:171,146
DA:172,127
DA:173,146
DA:174,129
DA:175,146
DA:176,120
DA:177,146
DA:178,123
DA:180,247
DA:183,18
DA:191,2
DA:192,27
DA:193,3
DA:194,3
DA:195,3
DA:196,27
DA:197,243
DA:198,17
DA:199,17
DA:200,17
DA:201,17
DA:202,4
DA:204,13
DA:205,7
DA:210,17
DA:214,3
DA:223,2
DA:237,9
DA:238,9
DA:239,9
DA:240,9
DA:241,9
DA:242,9
DA:243,9
DA:244,9
DA:245,9
DA:246,9
DA:255,107
DA:256,106
DA:257,4
DA:260,2
DA:261,2
DA:264,2
DA:268,102
DA:269,102
DA:271,102
DA:272,2
DA:276,100
DA:277,1
DA:279,99
DA:282,99
DA:285,99
DA:288,99
DA:289,51
DA:291,48
DA:294,101
DA:295,101
DA:299,2
DA:301,2
DA:302,2
DA:303,2
DA:304,2
DA:308,3
DA:309,2
DA:310,2
DA:311,2
DA:313,1
DA:314,1
DA:315,1
DA:316,1
LF:164
LH:164
BRDA:14,0,0,65
BRDA:14,0,1,7
BRDA:34,1,0,1202
BRDA:34,1,1,170
BRDA:36,2,0,324
BRDA:36,2,1,878
BRDA:39,3,0,539
BRDA:39,3,1,339
BRDA:40,4,0,499
BRDA:40,4,1,40
BRDA:42,5,0,515
BRDA:42,5,1,24
BRDA:44,6,0,521
BRDA:44,6,1,18
BRDA:46,7,0,508
BRDA:46,7,1,31
BRDA:62,8,0,1
BRDA:62,8,1,101
BRDA:77,9,0,97
BRDA:77,9,1,4
BRDA:83,10,0,1
BRDA:83,10,1,3
BRDA:104,11,0,887
BRDA:104,11,1,213
BRDA:105,12,0,402
BRDA:105,12,1,485
BRDA:106,13,0,260
BRDA:106,13,1,225
BRDA:107,14,0,241
BRDA:107,14,1,19
BRDA:109,15,0,249
BRDA:109,15,1,11
BRDA:111,16,0,255
BRDA:111,16,1,5
BRDA:113,17,0,252
BRDA:113,17,1,8
BRDA:117,18,0,12
BRDA:117,18,1,213
BRDA:142,19,0,179
BRDA:142,19,1,67
BRDA:143,20,0,58
BRDA:143,20,1,121
BRDA:146,21,0,56
BRDA:146,21,1,2
BRDA:148,22,0,55
BRDA:148,22,1,3
BRDA:150,23,0,58
BRDA:150,23,1,0
BRDA:152,24,0,56
BRDA:152,24,1,2
BRDA:168,25,0,247
BRDA:168,25,1,270
BRDA:169,26,0,146
BRDA:169,26,1,101
BRDA:171,27,0,127
BRDA:171,27,1,19
BRDA:173,28,0,129
BRDA:173,28,1,17
BRDA:175,29,0,120
BRDA:175,29,1,26
BRDA:177,30,0,123
BRDA:177,30,1,23
BRDA:197,31,0,17
BRDA:197,31,1,226
BRDA:197,32,0,243
BRDA:197,32,1,115
BRDA:201,33,0,4
BRDA:201,33,1,13
BRDA:204,34,0,7
BRDA:204,34,1,6
BRDA:255,35,0,1
BRDA:255,35,1,106
BRDA:256,36,0,4
BRDA:256,36,1,102
BRDA:257,37,0,2
BRDA:257,37,1,2
BRDA:271,38,0,2
BRDA:271,38,1,100
BRDA:276,39,0,1
BRDA:276,39,1,99
BRDA:276,40,0,100
BRDA:276,40,1,88
BRDA:279,41,0,7
BRDA:279,41,1,92
BRDA:288,42,0,51
BRDA:288,42,1,48
BRDA:294,43,0,52
BRDA:294,43,1,49
BRDA:308,44,0,2
BRDA:308,44,1,1
BRDA:313,45,0,1
BRDA:313,45,1,0
BRF:92
BRH:90
end_of_record
TN:
SF:src/BoardLogic/helper.ts
FN:10,isBoardEqual
FN:23,isBoardEmpty
FN:39,setColor
FN:40,(anonymous_3)
FN:52,selectGroup
FN:55,(anonymous_5)
FN:57,(anonymous_6)
FN:82,getCoordFromBoard
FN:98,getStringsFromBoard
FN:101,(anonymous_9)
FN:107,getNumsFromBoard
FN:109,(anonymous_11)
FN:110,(anonymous_12)
FN:116,getBoardFromStrings
FN:134,findBorderingColor
FN:136,(anonymous_15)
FN:162,setVisited
FN:164,(anonymous_17)
FN:186,alphaToCoord
FN:193,cloneBoard
FN:195,(anonymous_20)
FN:196,(anonymous_21)
FNF:22
FNH:14
FNDA:99,isBoardEqual
FNDA:6,isBoardEmpty
FNDA:3,setColor
FNDA:9,(anonymous_3)
FNDA:0,selectGroup
FNDA:0,(anonymous_5)
FNDA:0,(anonymous_6)
FNDA:2,getCoordFromBoard
FNDA:0,getStringsFromBoard
FNDA:0,(anonymous_9)
FNDA:0,getNumsFromBoard
FNDA:0,(anonymous_11)
FNDA:0,(anonymous_12)
FNDA:48,getBoardFromStrings
FNDA:20,findBorderingColor
FNDA:180,(anonymous_15)
FNDA:17,setVisited
FNDA:153,(anonymous_17)
FNDA:109,alphaToCoord
FNDA:192,cloneBoard
FNDA:1728,(anonymous_20)
FNDA:15552,(anonymous_21)
DA:1,2
DA:2,2
DA:10,2
DA:11,99
DA:12,478
DA:13,3980
DA:16,12
DA:23,2
DA:24,6
DA:25,82
DA:26,1222
DA:29,6
DA:39,2
DA:40,3
DA:41,9
DA:43,3
DA:52,2
DA:53,0
DA:54,0
DA:55,0
DA:56,0
DA:57,0
DA:58,0
DA:59,0
DA:60,0
DA:61,0
DA:62,0
DA:63,0
DA:64,0
DA:65,0
DA:66,0
DA:67,0
DA:68,0
DA:69,0
DA:70,0
DA:72,0
DA:75,0
DA:82,2
DA:83,2
DA:84,2
DA:85,2
DA:86,18
DA:87,162
DA:88,13
DA:90,149
DA:91,7
DA:95,2
DA:98,2
DA:99,0
DA:100,0
DA:101,0
DA:102,0
DA:104,0
DA:107,2
DA:108,0
DA:109,0
DA:110,0
DA:111,0
DA:113,0
DA:116,2
DA:117,48
DA:118,48
DA:119,440
DA:120,4064
DA:121,3744
DA:124,48
DA:134,2
DA:135,20
DA:136,180
DA:137,20
DA:138,20
DA:139,597
DA:140,597
DA:141,289
DA:142,120
DA:143,100
DA:146,169
DA:147,150
DA:148,169
DA:149,150
DA:150,169
DA:151,140
DA:152,169
DA:153,146
DA:156,283
DA:159,14
DA:162,2
DA:163,17
DA:164,153
DA:165,17
DA:166,17
DA:167,512
DA:168,512
DA:169,242
DA:170,145
DA:171,145
DA:172,126
DA:173,145
DA:174,128
DA:175,145
DA:176,119
DA:177,145
DA:178,122
DA:180,242
DA:183,17
DA:186,2
DA:187,109
DA:188,109
DA:189,109
DA:190,109
DA:193,2
DA:194,192
DA:195,192
DA:196,15552
DA:197,1728
DA:199,192
LF:116
LH:86
BRDA:13,0,0,87
BRDA:13,0,1,3893
BRDA:26,1,0,0
BRDA:26,1,1,1222
BRDA:60,2,0,0
BRDA:60,2,1,0
BRDA:62,3,0,0
BRDA:62,3,1,0
BRDA:63,4,0,0
BRDA:63,4,1,0
BRDA:65,5,0,0
BRDA:65,5,1,0
BRDA:67,6,0,0
BRDA:67,6,1,0
BRDA:69,7,0,0
BRDA:69,7,1,0
BRDA:87,8,0,13
BRDA:87,8,1,149
BRDA:90,9,0,7
BRDA:90,9,1,142
BRDA:101,10,0,0
BRDA:101,10,1,0
BRDA:101,11,0,0
BRDA:101,11,1,0
BRDA:110,12,0,0
BRDA:110,12,1,0
BRDA:110,13,0,0
BRDA:110,13,1,0
BRDA:120,14,0,320
BRDA:120,14,1,3744
BRDA:121,15,0,327
BRDA:121,15,1,3417
BRDA:140,16,0,289
BRDA:140,16,1,308
BRDA:141,17,0,120
BRDA:141,17,1,169
BRDA:142,18,0,20
BRDA:142,18,1,100
BRDA:143,19,0,6
BRDA:143,19,1,94
BRDA:146,20,0,150
BRDA:146,20,1,19
BRDA:148,21,0,150
BRDA:148,21,1,19
BRDA:150,22,0,140
BRDA:150,22,1,29
BRDA:152,23,0,146
BRDA:152,23,1,23
BRDA:168,24,0,242
BRDA:168,24,1,270
BRDA:169,25,0,145
BRDA:169,25,1,97
BRDA:171,26,0,126
BRDA:171,26,1,19
BRDA:173,27,0,128
BRDA:173,27,1,17
BRDA:175,28,0,119
BRDA:175,28,1,26
BRDA:177,29,0,122
BRDA:177,29,1,23
BRDA:188,30,0,5
BRDA:188,30,1,104
BRF:62
BRH:41
end_of_record
TN:
SF:src/shared/types.ts
FN:1,(anonymous_0)
FN:11,(anonymous_1)
FNF:2
FNH:2
FNDA:2,(anonymous_0)
FNDA:5061,(anonymous_1)
DA:1,2
DA:2,2
DA:3,2
DA:8,2
DA:12,5061
DA:13,5061
LF:6
LH:6
BRDA:1,0,0,2
BRDA:1,0,1,2
BRF:2
BRH:2
end_of_record
